tv/build/outputs/mapping/release/seeds.txt
com.tvbrowser.tv.TVApp
com.tvbrowser.tv.TVMainActivity
com.tvbrowser.tv.TVApp: TVApp()
com.tvbrowser.tv.TVMainActivity: TVMainActivity()
...
androidx.core.view.WindowInsetsCompat$BuilderImpl20: void setStableInsets(androidx.core.graphics.Insets)
androidx.media3.ui.DefaultTimeBar: void setBufferedPosition(long)
androidx.core.view.ViewCompat$Api16Impl: void setImportantForAccessibility(android.view.View,int)
androidx.media3.ui.PlayerView: int getArtworkDisplayMode()
androidx.core.app.CoreComponentFactory: CoreComponentFactory()
androidx.appcompat.widget.LinearLayoutCompat: void setDividerDrawable(android.graphics.drawable.Drawable)
androidx.core.view.ViewCompat$Api26Impl: void setNextClusterForwardId(android.view.View,int)
androidx.compose.ui.input.pointer.PointerEventPass: androidx.compose.ui.input.pointer.PointerEventPass valueOf(java.lang.String)
androidx.appcompat.widget.ActionBarOverlayLayout: void setShowingForActionMode(boolean)
androidx.appcompat.widget.AppCompatImageButton: android.graphics.PorterDuff$Mode getSupportBackgroundTintMode()
androidx.appcompat.widget.LinearLayoutCompat: int getOrientation()
androidx.compose.ui.viewinterop.AndroidViewHolder: android.view.View getView()
androidx.compose.ui.platform.AndroidComposeViewTranslationCallbackS: void setViewTranslationCallback(android.view.View,android.view.translation.ViewTranslationCallback)
androidx.core.view.ViewCompat$Api16Impl: void postInvalidateOnAnimation(android.view.View)
androidx.appcompat.widget.ActionBarOverlayLayout: void setUiOptions(int)
androidx.core.view.AccessibilityDelegateCompat$Api16Impl: android.view.accessibility.AccessibilityNodeProvider getAccessibilityNodeProvider(android.view.View$AccessibilityDelegate,android.view.View)
androidx.media3.ui.PlayerControlView: boolean getShowVrButton()
androidx.compose.ui.text.input.CursorAnchorInfoApi33Helper: android.view.inputmethod.CursorAnchorInfo$Builder setEditorBoundsInfo(android.view.inputmethod.CursorAnchorInfo$Builder,androidx.compose.ui.geometry.Rect)
androidx.appcompat.widget.AppCompatTextHelper$Api24Impl: android.os.LocaleList forLanguageTags(java.lang.String)
androidx.appcompat.widget.SearchView: int getSuggestionRowLayout()
androidx.appcompat.widget.LinearLayoutCompat: float getWeightSum()
androidx.compose.ui.platform.AndroidComposeViewAccessibilityDelegateCompat$ViewTranslationHelperMethodsS: void onCreateVirtualViewTranslationRequests(androidx.compose.ui.platform.AndroidComposeViewAccessibilityDelegateCompat,long[],int[],java.util.function.Consumer)
androidx.vectordrawable.graphics.drawable.VectorDrawableCompat$VFullPath: float getTrimPathStart()
androidx.appcompat.view.menu.ActionMenuItemView: ActionMenuItemView(android.content.Context,android.util.AttributeSet)
android.support.v4.media.MediaDescriptionCompat$Api21Impl: void setIconBitmap(android.media.MediaDescription$Builder,android.graphics.Bitmap)
androidx.core.view.MenuItemCompat$Api26Impl: android.view.MenuItem setContentDescription(android.view.MenuItem,java.lang.CharSequence)
androidx.core.view.WindowInsetsCompat$Impl29: androidx.core.graphics.Insets getMandatorySystemGestureInsets()
androidx.media3.exoplayer.audio.AudioCapabilities$Api29: int getMaxSupportedChannelCountForPassthrough(int,int)
androidx.compose.ui.platform.MotionEventVerifierApi29: boolean isValidMotionEvent(android.view.MotionEvent,int)
androidx.compose.ui.platform.AbstractComposeView: boolean getShowLayoutBounds()
androidx.core.view.WindowInsetsCompat$BuilderImpl29: void setSystemGestureInsets(androidx.core.graphics.Insets)
androidx.appcompat.widget.DropDownListView$Api33Impl: boolean isSelectedChildViewEnabled(android.widget.AbsListView)
com.tvbrowser.core.domain.models.TVCommand$Register$Companion: kotlinx.serialization.KSerializer serializer()
androidx.appcompat.widget.Toolbar: void setTitleTextColor(android.content.res.ColorStateList)
androidx.appcompat.widget.AppCompatTextHelper$Api26Impl: boolean setFontVariationSettings(android.widget.TextView,java.lang.String)