tv/build/outputs/mapping/release/usage.txt
com.tvbrowser.tv.BuildConfig
com.tvbrowser.tv.R$color
com.tvbrowser.tv.R$drawable
com.tvbrowser.tv.R$mipmap
com.tvbrowser.tv.R$string
com.tvbrowser.tv.R$style
com.tvbrowser.tv.R
com.tvbrowser.tv.TVApp:
    public static final int $stable
com.tvbrowser.tv.TVMainActivity:
    public static final int $stable
com.tvbrowser.tv.server.TVWebSocketServer:
    public final void broadcast(com.tvbrowser.core.domain.models.TVResponse)
    public final kotlin.jvm.functions.Function1 getOnClientConnected()
    public final kotlin.jvm.functions.Function1 getOnClientDisconnected()
    public final kotlin.jvm.functions.Function1 getOnCommandReceived()
    public final void setOnClientConnected(kotlin.jvm.functions.Function1)
    public final void setOnClientDisconnected(kotlin.jvm.functions.Function1)
com.tvbrowser.tv.viewmodel.TVUiState:
    public static final int $stable
    public void <init>()
    public final boolean component1()
    public final java.lang.String component2()
    public final java.lang.String component3()
    public final java.lang.String component4()
    public final java.lang.String component5()
    public final int component6()
    public final java.lang.String component7()
    public final java.lang.String component8()
    public final int getConnectedClients()
    public final java.lang.String getCurrentVideoUrl()
    public final java.lang.String getTvName()
com.tvbrowser.tv.TVApp:
    public static void <clinit>()
com.tvbrowser.tv.TVMainActivity$onCreate$1$1$1$1$1:
    public final int label
    public final java.lang.Object invoke$5()
com.tvbrowser.tv.TVMainActivity$onCreate$1$1$1$2$1$2
com.tvbrowser.tv.TVMainActivity$onCreate$1$1$1$2$1$3
com.tvbrowser.tv.TVMainActivity$onCreate$1$1$1:
    public static final java.lang.String invoke$lambda$0(androidx.compose.runtime.MutableState)
com.tvbrowser.tv.TVMainActivity$onCreate$1$1
com.tvbrowser.tv.TVMainActivity$onCreate$1
com.tvbrowser.tv.TVMainActivity:
    public static void <clinit>()
com.tvbrowser.tv.server.TVWebSocketServer$$InternalSyntheticLambda$3$61b8d50e0429785ca149e8383fa1aff63a7495b0e1ff6a8e824209eb50f2a714$0
com.tvbrowser.tv.server.TVWebSocketServer:
    public static final int $stable
    public final kotlin.jvm.functions.Function1 onClientConnected
    public final kotlin.jvm.functions.Function1 onClientDisconnected
    public static void <clinit>()
    public final void onMessage()
    public final void onOpen()
    public final void onStart()
    public static void setOnCommandReceived()
    public static boolean validateOrigin()
com.tvbrowser.tv.ui.screens.BrowserScreenKt$$InternalSyntheticLambda$2$870eea72755447095483d552fb0524549e1e2321d5f8d8acf50cbd8ab2cfea41$1
com.tvbrowser.tv.ui.screens.BrowserScreenKt$$InternalSyntheticLambda$2$870eea72755447095483d552fb0524549e1e2321d5f8d8acf50cbd8ab2cfea41$2
com.tvbrowser.tv.ui.screens.BrowserScreenKt
com.tvbrowser.tv.ui.screens.ComposableSingletons$BrowserScreenKt$lambda-1$1:
    public final void invoke(androidx.compose.runtime.Composer,int)
com.tvbrowser.tv.ui.screens.ComposableSingletons$BrowserScreenKt$lambda-2$1:
    public final void invoke(androidx.compose.runtime.Composer,int)
com.tvbrowser.tv.ui.screens.ComposableSingletons$BrowserScreenKt$lambda-3$1:
    public final void invoke(androidx.compose.runtime.Composer,int)
com.tvbrowser.tv.ui.screens.ComposableSingletons$BrowserScreenKt$lambda-4$1:
    public final void invoke(androidx.compose.runtime.Composer,int)
com.tvbrowser.tv.ui.screens.ComposableSingletons$BrowserScreenKt:
    public static final com.tvbrowser.tv.ui.screens.ComposableSingletons$BrowserScreenKt INSTANCE
    public void <init>()
    public static kotlin.jvm.functions.Function2 getLambda-1$tv_release()
    public static kotlin.jvm.functions.Function2 getLambda-2$tv_release()
    public static kotlin.jvm.functions.Function2 getLambda-3$tv_release()
    public static kotlin.jvm.functions.Function2 getLambda-4$tv_release()
...
androidx.compose.foundation.lazy.staggeredgrid.SpanRange
androidx.compose.foundation.lazy.staggeredgrid.StaggeredGridCells$Adaptive
androidx.compose.foundation.lazy.staggeredgrid.StaggeredGridCells$Fixed
androidx.compose.foundation.lazy.staggeredgrid.StaggeredGridCells$FixedSize
androidx.compose.foundation.lazy.staggeredgrid.StaggeredGridCells
androidx.compose.foundation.lazy.staggeredgrid.StaggeredGridItemSpan$Companion
androidx.compose.foundation.lazy.staggeredgrid.StaggeredGridItemSpan
androidx.compose.foundation.pager.DefaultPagerNestedScrollConnection
androidx.compose.foundation.pager.LazyLayoutPagerKt$Pager$2
androidx.compose.foundation.pager.LazyLayoutPagerKt$Pager$measurePolicy$1$1
androidx.compose.foundation.pager.LazyLayoutPagerKt$Pager$pagerItemProvider$1$1
androidx.compose.foundation.pager.LazyLayoutPagerKt$dragDirectionDetector$1$1$1
androidx.compose.foundation.pager.LazyLayoutPagerKt$dragDirectionDetector$1$1
androidx.compose.foundation.pager.LazyLayoutPagerKt$dragDirectionDetector$1
androidx.compose.foundation.pager.LazyLayoutPagerKt$rememberPagerItemProviderLambda$1$1
androidx.compose.foundation.pager.LazyLayoutPagerKt$rememberPagerItemProviderLambda$1$intervalContentState$1
androidx.compose.foundation.pager.LazyLayoutPagerKt$rememberPagerItemProviderLambda$1$itemProviderState$1
androidx.compose.foundation.pager.LazyLayoutPagerKt
androidx.compose.foundation.pager.LazyLayoutSemanticStateKt$LazyLayoutSemanticState$1
androidx.compose.foundation.pager.LazyLayoutSemanticStateKt
androidx.compose.foundation.pager.MeasuredPage
androidx.compose.foundation.pager.MeasuredPageKt
androidx.compose.foundation.pager.PageInfo
androidx.compose.foundation.pager.PageSize$Fill
androidx.compose.foundation.pager.PageSize$Fixed
androidx.compose.foundation.pager.PageSize
androidx.compose.foundation.pager.PagerBeyondBoundsModifierKt
androidx.compose.foundation.pager.PagerBeyondBoundsState
androidx.compose.foundation.pager.PagerBringIntoViewSpec
androidx.compose.foundation.pager.PagerDefaults
androidx.compose.foundation.pager.PagerIntervalContent
androidx.compose.foundation.pager.PagerKt$HorizontalPager$2
androidx.compose.foundation.pager.PagerKt$SnapLayoutInfoProvider$1
androidx.compose.foundation.pager.PagerKt$VerticalPager$2
androidx.compose.foundation.pager.PagerKt$pagerSemantics$1$1
androidx.compose.foundation.pager.PagerKt$pagerSemantics$1$2
androidx.compose.foundation.pager.PagerKt$pagerSemantics$1$3
androidx.compose.foundation.pager.PagerKt$pagerSemantics$1$4
androidx.compose.foundation.pager.PagerKt$pagerSemantics$1
androidx.compose.foundation.pager.PagerKt$pagerSemantics$performBackwardPaging$1
androidx.compose.foundation.pager.PagerKt$pagerSemantics$performForwardPaging$1
androidx.compose.foundation.pager.PagerKt
androidx.compose.foundation.pager.PagerLayoutInfo
androidx.compose.foundation.pager.PagerLayoutInfoKt
androidx.compose.foundation.pager.PagerLayoutIntervalContent
androidx.compose.foundation.pager.PagerLazyAnimateScrollScopeKt$PagerLazyAnimateScrollScope$1
androidx.compose.foundation.pager.PagerLazyAnimateScrollScopeKt
androidx.compose.foundation.pager.PagerLazyLayoutItemProvider$Item$1
androidx.compose.foundation.pager.PagerLazyLayoutItemProvider$Item$2
androidx.compose.foundation.pager.PagerLazyLayoutItemProvider
androidx.compose.foundation.pager.PagerMeasureKt$measurePager$4
androidx.compose.foundation.pager.PagerMeasureKt$measurePager$9
androidx.compose.foundation.pager.PagerMeasureKt$measurePager$extraPagesAfter$1
androidx.compose.foundation.pager.PagerMeasureKt$measurePager$extraPagesBefore$1
androidx.compose.foundation.pager.PagerMeasureKt
androidx.compose.foundation.pager.PagerMeasurePolicyKt$rememberPagerMeasurePolicy$1$1$2
androidx.compose.foundation.pager.PagerMeasurePolicyKt$rememberPagerMeasurePolicy$1$1
androidx.compose.foundation.pager.PagerMeasurePolicyKt
androidx.compose.foundation.pager.PagerMeasureResult
androidx.compose.foundation.pager.PagerScope
androidx.compose.foundation.pager.PagerScopeImpl